<<<<<<< Updated upstream
{"level":"info","message":"Listening on port 3000...","timestamp":"2022-08-18T16:07:07.508Z"}
{"level":"info","message":"Connected to mongodb://localhost/damianlikus_dev...","timestamp":"2022-08-18T16:07:07.524Z"}
=======
{"level":"info","message":"Node environment: test","timestamp":"2022-08-19T15:31:49.515Z"}
{"level":"info","message":"Listening on port 3001...","timestamp":"2022-08-19T15:31:49.515Z"}
{"level":"info","message":"Connected to mongodb://localhost/damianlikus_tests...","timestamp":"2022-08-19T15:31:49.534Z"}
{"level":"info","message":"Node environment: test","timestamp":"2022-08-19T15:31:50.108Z"}
{"level":"info","message":"Listening on port 3001...","timestamp":"2022-08-19T15:31:50.109Z"}
{"level":"info","message":"Connected to mongodb://localhost/damianlikus_tests...","timestamp":"2022-08-19T15:31:50.165Z"}
{"level":"info","message":"Node environment: test","timestamp":"2022-08-19T15:31:50.891Z"}
{"level":"info","message":"Listening on port 3001...","timestamp":"2022-08-19T15:31:50.891Z"}
{"level":"info","message":"Connected to mongodb://localhost/damianlikus_tests...","timestamp":"2022-08-19T15:31:50.914Z"}
{"level":"info","message":"Node environment: test","timestamp":"2022-08-19T15:32:01.118Z"}
{"level":"info","message":"Listening on port 3001...","timestamp":"2022-08-19T15:32:01.119Z"}
{"level":"info","message":"Connected to mongodb://localhost/damianlikus_tests...","timestamp":"2022-08-19T15:32:01.144Z"}
{"level":"info","message":"Node environment: test","timestamp":"2022-08-19T15:32:01.728Z"}
{"level":"info","message":"Listening on port 3001...","timestamp":"2022-08-19T15:32:01.729Z"}
{"level":"info","message":"Connected to mongodb://localhost/damianlikus_tests...","timestamp":"2022-08-19T15:32:01.768Z"}
{"level":"info","message":"Node environment: test","timestamp":"2022-08-19T15:32:02.493Z"}
{"level":"info","message":"Listening on port 3001...","timestamp":"2022-08-19T15:32:02.494Z"}
{"level":"info","message":"Connected to mongodb://localhost/damianlikus_tests...","timestamp":"2022-08-19T15:32:02.513Z"}
{"level":"info","message":"Node environment: test","timestamp":"2022-08-19T15:32:15.623Z"}
{"level":"info","message":"Listening on port 3001...","timestamp":"2022-08-19T15:32:15.623Z"}
{"level":"info","message":"Connected to mongodb://localhost/damianlikus_tests...","timestamp":"2022-08-19T15:32:15.648Z"}
{"level":"info","message":"Node environment: test","timestamp":"2022-08-19T15:32:16.263Z"}
{"level":"info","message":"Listening on port 3001...","timestamp":"2022-08-19T15:32:16.263Z"}
{"level":"info","message":"Connected to mongodb://localhost/damianlikus_tests...","timestamp":"2022-08-19T15:32:16.299Z"}
{"level":"info","message":"Node environment: test","timestamp":"2022-08-19T15:32:17.051Z"}
{"level":"info","message":"Listening on port 3001...","timestamp":"2022-08-19T15:32:17.051Z"}
{"level":"info","message":"Connected to mongodb://localhost/damianlikus_tests...","timestamp":"2022-08-19T15:32:17.077Z"}
{"level":"info","message":"Node environment: test","timestamp":"2022-08-19T15:32:33.202Z"}
{"level":"info","message":"Listening on port 3001...","timestamp":"2022-08-19T15:32:33.203Z"}
{"level":"info","message":"Connected to mongodb://localhost/damianlikus_tests...","timestamp":"2022-08-19T15:32:33.223Z"}
{"level":"info","message":"Node environment: test","timestamp":"2022-08-19T15:32:33.791Z"}
{"level":"info","message":"Listening on port 3001...","timestamp":"2022-08-19T15:32:33.791Z"}
{"level":"info","message":"Connected to mongodb://localhost/damianlikus_tests...","timestamp":"2022-08-19T15:32:33.813Z"}
{"level":"info","message":"Node environment: test","timestamp":"2022-08-19T15:32:34.320Z"}
{"level":"info","message":"Listening on port 3001...","timestamp":"2022-08-19T15:32:34.320Z"}
{"level":"info","message":"Connected to mongodb://localhost/damianlikus_tests...","timestamp":"2022-08-19T15:32:34.382Z"}
{"level":"info","message":"Node environment: test","timestamp":"2022-08-19T15:32:50.519Z"}
{"level":"info","message":"Listening on port 3001...","timestamp":"2022-08-19T15:32:50.519Z"}
{"level":"info","message":"Connected to mongodb://localhost/damianlikus_tests...","timestamp":"2022-08-19T15:32:50.541Z"}
{"level":"info","message":"Node environment: test","timestamp":"2022-08-19T15:32:51.174Z"}
{"level":"info","message":"Listening on port 3001...","timestamp":"2022-08-19T15:32:51.175Z"}
{"level":"info","message":"Connected to mongodb://localhost/damianlikus_tests...","timestamp":"2022-08-19T15:32:51.220Z"}
{"level":"info","message":"Node environment: test","timestamp":"2022-08-19T15:32:51.823Z"}
{"level":"info","message":"Listening on port 3001...","timestamp":"2022-08-19T15:32:51.823Z"}
{"level":"info","message":"Connected to mongodb://localhost/damianlikus_tests...","timestamp":"2022-08-19T15:32:51.842Z"}
{"level":"info","message":"Node environment: test","timestamp":"2022-08-19T15:33:21.289Z"}
{"level":"info","message":"Listening on port 3001...","timestamp":"2022-08-19T15:33:21.290Z"}
{"level":"info","message":"Connected to mongodb://localhost/damianlikus_tests...","timestamp":"2022-08-19T15:33:21.308Z"}
{"level":"info","message":"Node environment: test","timestamp":"2022-08-19T15:33:21.892Z"}
{"level":"info","message":"Listening on port 3001...","timestamp":"2022-08-19T15:33:21.893Z"}
{"level":"info","message":"Connected to mongodb://localhost/damianlikus_tests...","timestamp":"2022-08-19T15:33:21.947Z"}
{"level":"info","message":"Node environment: test","timestamp":"2022-08-19T15:33:22.576Z"}
{"level":"info","message":"Listening on port 3001...","timestamp":"2022-08-19T15:33:22.576Z"}
{"level":"info","message":"Connected to mongodb://localhost/damianlikus_tests...","timestamp":"2022-08-19T15:33:22.598Z"}
{"level":"info","message":"Node environment: test","timestamp":"2022-08-19T15:33:43.359Z"}
{"level":"info","message":"Listening on port 3001...","timestamp":"2022-08-19T15:33:43.359Z"}
{"level":"info","message":"Connected to mongodb://localhost/damianlikus_tests...","timestamp":"2022-08-19T15:33:43.386Z"}
{"level":"info","message":"Node environment: test","timestamp":"2022-08-19T15:33:43.953Z"}
{"level":"info","message":"Listening on port 3001...","timestamp":"2022-08-19T15:33:43.953Z"}
{"level":"info","message":"Connected to mongodb://localhost/damianlikus_tests...","timestamp":"2022-08-19T15:33:43.993Z"}
{"level":"info","message":"Node environment: test","timestamp":"2022-08-19T15:33:44.634Z"}
{"level":"info","message":"Listening on port 3001...","timestamp":"2022-08-19T15:33:44.634Z"}
{"level":"info","message":"Connected to mongodb://localhost/damianlikus_tests...","timestamp":"2022-08-19T15:33:44.654Z"}
{"level":"info","message":"Node environment: test","timestamp":"2022-08-19T15:57:44.297Z"}
{"level":"info","message":"Listening on port 3001...","timestamp":"2022-08-19T15:57:44.297Z"}
{"level":"info","message":"Connected to mongodb://localhost/damianlikus_tests...","timestamp":"2022-08-19T15:57:44.319Z"}
{"level":"info","message":"Node environment: test","timestamp":"2022-08-19T15:57:44.968Z"}
{"level":"info","message":"Listening on port 3001...","timestamp":"2022-08-19T15:57:44.969Z"}
{"level":"info","message":"Connected to mongodb://localhost/damianlikus_tests...","timestamp":"2022-08-19T15:57:45.021Z"}
{"level":"info","message":"Node environment: test","timestamp":"2022-08-19T15:57:45.736Z"}
{"level":"info","message":"Listening on port 3001...","timestamp":"2022-08-19T15:57:45.736Z"}
{"level":"info","message":"Connected to mongodb://localhost/damianlikus_tests...","timestamp":"2022-08-19T15:57:45.755Z"}
{"level":"info","message":"Node environment: test","timestamp":"2022-08-19T16:00:43.392Z"}
{"level":"info","message":"Listening on port 3001...","timestamp":"2022-08-19T16:00:43.393Z"}
{"level":"info","message":"Connected to mongodb://localhost/damianlikus_tests...","timestamp":"2022-08-19T16:00:43.419Z"}
{"level":"info","message":"Node environment: test","timestamp":"2022-08-19T16:00:44.070Z"}
{"level":"info","message":"Listening on port 3001...","timestamp":"2022-08-19T16:00:44.071Z"}
{"level":"info","message":"Connected to mongodb://localhost/damianlikus_tests...","timestamp":"2022-08-19T16:00:44.110Z"}
{"level":"info","message":"Node environment: test","timestamp":"2022-08-19T16:00:44.803Z"}
{"level":"info","message":"Listening on port 3001...","timestamp":"2022-08-19T16:00:44.803Z"}
{"level":"info","message":"Connected to mongodb://localhost/damianlikus_tests...","timestamp":"2022-08-19T16:00:44.823Z"}
{"level":"info","message":"Node environment: test","timestamp":"2022-08-19T16:00:59.256Z"}
{"level":"info","message":"Listening on port 3001...","timestamp":"2022-08-19T16:00:59.256Z"}
{"level":"info","message":"Connected to mongodb://localhost/damianlikus_tests...","timestamp":"2022-08-19T16:00:59.284Z"}
{"level":"info","message":"Node environment: test","timestamp":"2022-08-19T16:00:59.975Z"}
{"level":"info","message":"Listening on port 3001...","timestamp":"2022-08-19T16:00:59.975Z"}
{"level":"info","message":"Connected to mongodb://localhost/damianlikus_tests...","timestamp":"2022-08-19T16:01:00.017Z"}
{"level":"info","message":"Node environment: test","timestamp":"2022-08-19T16:01:00.725Z"}
{"level":"info","message":"Listening on port 3001...","timestamp":"2022-08-19T16:01:00.725Z"}
{"level":"info","message":"Connected to mongodb://localhost/damianlikus_tests...","timestamp":"2022-08-19T16:01:00.750Z"}
{"level":"info","message":"Node environment: test","timestamp":"2022-08-19T16:01:23.903Z"}
{"level":"info","message":"Listening on port 3001...","timestamp":"2022-08-19T16:01:23.904Z"}
{"level":"info","message":"Connected to mongodb://localhost/damianlikus_tests...","timestamp":"2022-08-19T16:01:23.923Z"}
{"level":"info","message":"Node environment: test","timestamp":"2022-08-19T16:01:24.507Z"}
{"level":"info","message":"Listening on port 3001...","timestamp":"2022-08-19T16:01:24.507Z"}
{"level":"info","message":"Connected to mongodb://localhost/damianlikus_tests...","timestamp":"2022-08-19T16:01:24.548Z"}
{"level":"info","message":"Node environment: test","timestamp":"2022-08-19T16:01:25.218Z"}
{"level":"info","message":"Listening on port 3001...","timestamp":"2022-08-19T16:01:25.219Z"}
{"level":"info","message":"Connected to mongodb://localhost/damianlikus_tests...","timestamp":"2022-08-19T16:01:25.245Z"}
{"level":"info","message":"Node environment: test","timestamp":"2022-08-19T16:01:26.891Z"}
{"level":"info","message":"Listening on port 3001...","timestamp":"2022-08-19T16:01:26.891Z"}
{"level":"info","message":"Connected to mongodb://localhost/damianlikus_tests...","timestamp":"2022-08-19T16:01:26.909Z"}
{"level":"info","message":"Node environment: test","timestamp":"2022-08-19T16:01:27.571Z"}
{"level":"info","message":"Listening on port 3001...","timestamp":"2022-08-19T16:01:27.571Z"}
{"level":"info","message":"Connected to mongodb://localhost/damianlikus_tests...","timestamp":"2022-08-19T16:01:27.609Z"}
{"level":"info","message":"Node environment: test","timestamp":"2022-08-19T16:01:28.231Z"}
{"level":"info","message":"Listening on port 3001...","timestamp":"2022-08-19T16:01:28.231Z"}
{"level":"info","message":"Connected to mongodb://localhost/damianlikus_tests...","timestamp":"2022-08-19T16:01:28.250Z"}
{"level":"info","message":"Node environment: test","timestamp":"2022-08-19T16:02:27.026Z"}
{"level":"info","message":"Listening on port 3001...","timestamp":"2022-08-19T16:02:27.026Z"}
{"level":"info","message":"Connected to mongodb://localhost/damianlikus_tests...","timestamp":"2022-08-19T16:02:27.054Z"}
{"level":"info","message":"Node environment: test","timestamp":"2022-08-19T16:02:27.715Z"}
{"level":"info","message":"Listening on port 3001...","timestamp":"2022-08-19T16:02:27.716Z"}
{"level":"info","message":"Connected to mongodb://localhost/damianlikus_tests...","timestamp":"2022-08-19T16:02:27.752Z"}
{"level":"info","message":"Node environment: test","timestamp":"2022-08-19T16:02:28.345Z"}
{"level":"info","message":"Listening on port 3001...","timestamp":"2022-08-19T16:02:28.345Z"}
{"level":"info","message":"Connected to mongodb://localhost/damianlikus_tests...","timestamp":"2022-08-19T16:02:28.363Z"}
{"level":"info","message":"Node environment: test","timestamp":"2022-08-19T16:02:49.039Z"}
{"level":"info","message":"Listening on port 3001...","timestamp":"2022-08-19T16:02:49.040Z"}
{"level":"info","message":"Connected to mongodb://localhost/damianlikus_tests...","timestamp":"2022-08-19T16:02:49.073Z"}
{"level":"info","message":"Node environment: test","timestamp":"2022-08-19T16:02:49.839Z"}
{"level":"info","message":"Listening on port 3001...","timestamp":"2022-08-19T16:02:49.839Z"}
{"level":"info","message":"Connected to mongodb://localhost/damianlikus_tests...","timestamp":"2022-08-19T16:02:49.879Z"}
{"level":"info","message":"Node environment: test","timestamp":"2022-08-19T16:02:50.547Z"}
{"level":"info","message":"Listening on port 3001...","timestamp":"2022-08-19T16:02:50.548Z"}
{"level":"info","message":"Connected to mongodb://localhost/damianlikus_tests...","timestamp":"2022-08-19T16:02:50.570Z"}
{"level":"info","message":"Node environment: test","timestamp":"2022-08-19T16:03:11.343Z"}
{"level":"info","message":"Listening on port 3001...","timestamp":"2022-08-19T16:03:11.344Z"}
{"level":"info","message":"Connected to mongodb://localhost/damianlikus_tests...","timestamp":"2022-08-19T16:03:11.373Z"}
{"level":"info","message":"Node environment: test","timestamp":"2022-08-19T16:03:12.157Z"}
{"level":"info","message":"Listening on port 3001...","timestamp":"2022-08-19T16:03:12.157Z"}
{"level":"info","message":"Connected to mongodb://localhost/damianlikus_tests...","timestamp":"2022-08-19T16:03:12.204Z"}
{"level":"info","message":"Node environment: test","timestamp":"2022-08-19T16:03:12.878Z"}
{"level":"info","message":"Listening on port 3001...","timestamp":"2022-08-19T16:03:12.879Z"}
{"level":"info","message":"Connected to mongodb://localhost/damianlikus_tests...","timestamp":"2022-08-19T16:03:12.898Z"}
{"level":"info","message":"Node environment: test","timestamp":"2022-08-19T16:05:52.718Z"}
{"level":"info","message":"Listening on port 3001...","timestamp":"2022-08-19T16:05:52.718Z"}
{"level":"info","message":"Connected to mongodb://localhost/damianlikus_tests...","timestamp":"2022-08-19T16:05:52.738Z"}
{"level":"info","message":"Node environment: test","timestamp":"2022-08-19T16:05:53.479Z"}
{"level":"info","message":"Listening on port 3001...","timestamp":"2022-08-19T16:05:53.480Z"}
{"level":"info","message":"Connected to mongodb://localhost/damianlikus_tests...","timestamp":"2022-08-19T16:05:53.529Z"}
{"level":"info","message":"Node environment: test","timestamp":"2022-08-19T16:05:54.164Z"}
{"level":"info","message":"Listening on port 3001...","timestamp":"2022-08-19T16:05:54.164Z"}
{"level":"info","message":"Connected to mongodb://localhost/damianlikus_tests...","timestamp":"2022-08-19T16:05:54.183Z"}
{"level":"info","message":"Node environment: test","timestamp":"2022-08-19T16:06:02.003Z"}
{"level":"info","message":"Listening on port 3001...","timestamp":"2022-08-19T16:06:02.003Z"}
{"level":"info","message":"Connected to mongodb://localhost/damianlikus_tests...","timestamp":"2022-08-19T16:06:02.024Z"}
{"level":"info","message":"Node environment: test","timestamp":"2022-08-19T16:06:02.757Z"}
{"level":"info","message":"Listening on port 3001...","timestamp":"2022-08-19T16:06:02.757Z"}
{"level":"info","message":"Connected to mongodb://localhost/damianlikus_tests...","timestamp":"2022-08-19T16:06:02.814Z"}
{"level":"info","message":"Node environment: test","timestamp":"2022-08-19T16:06:03.446Z"}
{"level":"info","message":"Listening on port 3001...","timestamp":"2022-08-19T16:06:03.447Z"}
{"level":"info","message":"Connected to mongodb://localhost/damianlikus_tests...","timestamp":"2022-08-19T16:06:03.469Z"}
{"level":"info","message":"Node environment: test","timestamp":"2022-08-19T16:08:53.480Z"}
{"level":"info","message":"Listening on port 3001...","timestamp":"2022-08-19T16:08:53.481Z"}
{"level":"info","message":"Connected to mongodb://localhost/damianlikus_tests...","timestamp":"2022-08-19T16:08:53.523Z"}
{"level":"info","message":"Node environment: test","timestamp":"2022-08-19T16:08:54.271Z"}
{"level":"info","message":"Listening on port 3001...","timestamp":"2022-08-19T16:08:54.271Z"}
{"level":"info","message":"Connected to mongodb://localhost/damianlikus_tests...","timestamp":"2022-08-19T16:08:54.321Z"}
{"level":"info","message":"Node environment: test","timestamp":"2022-08-19T16:08:54.966Z"}
{"level":"info","message":"Listening on port 3001...","timestamp":"2022-08-19T16:08:54.966Z"}
{"level":"info","message":"Connected to mongodb://localhost/damianlikus_tests...","timestamp":"2022-08-19T16:08:54.991Z"}
{"level":"info","message":"Node environment: test","timestamp":"2022-08-19T16:09:28.278Z"}
{"level":"info","message":"Listening on port 3001...","timestamp":"2022-08-19T16:09:28.279Z"}
{"level":"info","message":"Connected to mongodb://localhost/damianlikus_tests...","timestamp":"2022-08-19T16:09:28.301Z"}
{"level":"info","message":"Node environment: test","timestamp":"2022-08-19T16:09:28.972Z"}
{"level":"info","message":"Listening on port 3001...","timestamp":"2022-08-19T16:09:28.972Z"}
{"level":"info","message":"Connected to mongodb://localhost/damianlikus_tests...","timestamp":"2022-08-19T16:09:29.011Z"}
{"level":"info","message":"Node environment: test","timestamp":"2022-08-19T16:09:29.628Z"}
{"level":"info","message":"Listening on port 3001...","timestamp":"2022-08-19T16:09:29.628Z"}
{"level":"info","message":"Connected to mongodb://localhost/damianlikus_tests...","timestamp":"2022-08-19T16:09:29.649Z"}
{"level":"info","message":"Node environment: test","timestamp":"2022-08-19T16:10:16.858Z"}
{"level":"info","message":"Listening on port 3001...","timestamp":"2022-08-19T16:10:16.858Z"}
{"level":"info","message":"Connected to mongodb://localhost/damianlikus_tests...","timestamp":"2022-08-19T16:10:16.878Z"}
{"level":"info","message":"Node environment: test","timestamp":"2022-08-19T16:10:17.544Z"}
{"level":"info","message":"Listening on port 3001...","timestamp":"2022-08-19T16:10:17.544Z"}
{"level":"info","message":"Connected to mongodb://localhost/damianlikus_tests...","timestamp":"2022-08-19T16:10:17.582Z"}
{"level":"info","message":"Node environment: test","timestamp":"2022-08-19T16:10:18.232Z"}
{"level":"info","message":"Listening on port 3001...","timestamp":"2022-08-19T16:10:18.233Z"}
{"level":"info","message":"Connected to mongodb://localhost/damianlikus_tests...","timestamp":"2022-08-19T16:10:18.262Z"}
>>>>>>> Stashed changes
